[1616780644.295][INFO]: Starting ChromeDriver 89.0.4389.23 (61b08ee2c50024bab004e48d2b1b083cdbdac579-refs/branch-heads/4389@{#294}) on port 42667
[1616780644.295][INFO]: Please see https://chromedriver.chromium.org/security-considerations for suggestions on keeping ChromeDriver safe.
[1616780645.295][INFO]: [859167f6eacb9193e1422322603acee0] COMMAND InitSession {
   "capabilities": {
      "alwaysMatch": {
         "browserName": "chrome",
         "goog:chromeOptions": {
            "args": [ "--headless", "window-size=1920,1080", "--no-sandbox", "--disable-dev-shm-usage", "--log-level=3", "--silent", "--disable-logging" ],
            "excludeSwitches": [ "enable-logging" ],
            "extensions": [  ]
         },
         "platformName": "any"
      },
      "firstMatch": [ {

      } ]
   },
   "desiredCapabilities": {
      "browserName": "chrome",
      "goog:chromeOptions": {
         "args": [ "--headless", "window-size=1920,1080", "--no-sandbox", "--disable-dev-shm-usage", "--log-level=3", "--silent", "--disable-logging" ],
         "excludeSwitches": [ "enable-logging" ],
         "extensions": [  ]
      },
      "platform": "ANY",
      "version": ""
   }
}
[1616780645.296][INFO]: Populating Preferences file: {
   "alternate_error_pages": {
      "enabled": false
   },
   "autofill": {
      "enabled": false
   },
   "browser": {
      "check_default_browser": false
   },
   "distribution": {
      "import_bookmarks": false,
      "import_history": false,
      "import_search_engine": false,
      "make_chrome_default_for_user": false,
      "skip_first_run_ui": true
   },
   "dns_prefetching": {
      "enabled": false
   },
   "profile": {
      "content_settings": {
         "pattern_pairs": {
            "https://*,*": {
               "media-stream": {
                  "audio": "Default",
                  "video": "Default"
               }
            }
         }
      },
      "default_content_setting_values": {
         "geolocation": 1
      },
      "default_content_settings": {
         "geolocation": 1,
         "mouselock": 1,
         "notifications": 1,
         "popups": 1,
         "ppapi-broker": 1
      },
      "password_manager_enabled": false
   },
   "safebrowsing": {
      "enabled": false
   },
   "search": {
      "suggest_enabled": false
   },
   "translate": {
      "enabled": false
   }
}
[1616780645.296][INFO]: Populating Local State file: {
   "background_mode": {
      "enabled": false
   },
   "ssl": {
      "rev_checking": {
         "enabled": false
      }
   }
}
[1616780645.296][INFO]: Launching chrome: /usr/bin/google-chrome --disable-background-networking --disable-client-side-phishing-detection --disable-default-apps --disable-dev-shm-usage --disable-hang-monitor --disable-logging --disable-popup-blocking --disable-prompt-on-repost --disable-sync --enable-automation --enable-blink-features=ShadowDOMV0 --headless --log-level=3 --no-first-run --no-sandbox --no-service-autorun --password-store=basic --remote-debugging-port=0 --silent --test-type=webdriver --use-mock-keychain --user-data-dir=/tmp/.com.google.Chrome.IK8Asa --window-size=1920,1080 data:,
[1616780645.350][INFO]: resolved localhost to ["127.0.0.1"]
